<?xml version="1.0" encoding="UTF-8"?>
<!-- Generated by org.testng.reporters.JUnitXMLReporter -->
<testsuite ignored="1" hostname="Sumits-MacBook-Pro.local" failures="0" tests="1" name="Default test" time="41.983" errors="0" timestamp="2022-08-29T21:31:57 IST">
  <testcase classname="com.swiggy.SwiggyProject.SwiggyApp" name="SearchPlusAdd" time="12.852"/>
  <testcase classname="com.swiggy.SwiggyProject.SwiggyApp" name="ChangingLocation" time="0.0">
    <ignored/>
  </testcase> <!-- ChangingLocation -->
</testsuite> <!-- Default test -->
