<?xml version="1.0" encoding="UTF-8"?>
<testng-results ignored="0" total="2" passed="2" failed="0" skipped="0">
  <reporter-output>
  </reporter-output>
  <suite started-at="2022-08-29T22:24:38 IST" name="Suite" finished-at="2022-08-29T22:26:02 IST" duration-ms="84162">
    <groups>
    </groups>
    <test started-at="2022-08-29T22:24:38 IST" name="Test" finished-at="2022-08-29T22:26:02 IST" duration-ms="84162">
      <class name="com.swiggy.SwiggyProject.SwiggyApp">
        <test-method is-config="true" signature="setUp()[pri:0, instance:com.swiggy.SwiggyProject.SwiggyApp@247d8ae]" started-at="2022-08-29T22:24:38 IST" name="setUp" finished-at="2022-08-29T22:25:07 IST" duration-ms="28485" status="PASS">
          <reporter-output>
          </reporter-output>
        </test-method> <!-- setUp -->
        <test-method signature="ChangingLocation()[pri:0, instance:com.swiggy.SwiggyProject.SwiggyApp@247d8ae]" started-at="2022-08-29T22:25:07 IST" name="ChangingLocation" finished-at="2022-08-29T22:25:15 IST" duration-ms="8540" status="PASS">
          <reporter-output>
          </reporter-output>
        </test-method> <!-- ChangingLocation -->
        <test-method is-config="true" signature="TearDown()[pri:0, instance:com.swiggy.SwiggyProject.SwiggyApp@247d8ae]" started-at="2022-08-29T22:25:15 IST" name="TearDown" finished-at="2022-08-29T22:25:21 IST" duration-ms="5747" status="PASS">
          <reporter-output>
          </reporter-output>
        </test-method> <!-- TearDown -->
        <test-method is-config="true" signature="setUp()[pri:0, instance:com.swiggy.SwiggyProject.SwiggyApp@247d8ae]" started-at="2022-08-29T22:25:21 IST" name="setUp" finished-at="2022-08-29T22:25:44 IST" duration-ms="22625" status="PASS">
          <reporter-output>
          </reporter-output>
        </test-method> <!-- setUp -->
        <test-method signature="SearchPlusAdd()[pri:0, instance:com.swiggy.SwiggyProject.SwiggyApp@247d8ae]" started-at="2022-08-29T22:25:44 IST" name="SearchPlusAdd" finished-at="2022-08-29T22:25:57 IST" duration-ms="12933" status="PASS">
          <reporter-output>
          </reporter-output>
        </test-method> <!-- SearchPlusAdd -->
        <test-method is-config="true" signature="TearDown()[pri:0, instance:com.swiggy.SwiggyProject.SwiggyApp@247d8ae]" started-at="2022-08-29T22:25:57 IST" name="TearDown" finished-at="2022-08-29T22:26:02 IST" duration-ms="5671" status="PASS">
          <reporter-output>
          </reporter-output>
        </test-method> <!-- TearDown -->
      </class> <!-- com.swiggy.SwiggyProject.SwiggyApp -->
    </test> <!-- Test -->
  </suite> <!-- Suite -->
</testng-results>
