<?xml version="1.0" encoding="UTF-8"?>
<testng-results ignored="1" total="2" passed="1" failed="0" skipped="0">
  <reporter-output>
  </reporter-output>
  <suite started-at="2022-08-29T21:31:15 IST" name="Default suite" finished-at="2022-08-29T21:31:57 IST" duration-ms="41983">
    <groups>
    </groups>
    <test started-at="2022-08-29T21:31:15 IST" name="Default test" finished-at="2022-08-29T21:31:57 IST" duration-ms="41983">
      <class name="com.swiggy.SwiggyProject.SwiggyApp">
        <test-method is-config="true" signature="setUp()[pri:0, instance:com.swiggy.SwiggyProject.SwiggyApp@61001b64]" started-at="2022-08-29T21:31:15 IST" name="setUp" finished-at="2022-08-29T21:31:44 IST" duration-ms="28972" status="PASS">
          <reporter-output>
          </reporter-output>
        </test-method> <!-- setUp -->
        <test-method signature="SearchPlusAdd()[pri:0, instance:com.swiggy.SwiggyProject.SwiggyApp@61001b64]" started-at="2022-08-29T21:31:44 IST" name="SearchPlusAdd" finished-at="2022-08-29T21:31:56 IST" duration-ms="12852" status="PASS">
          <reporter-output>
          </reporter-output>
        </test-method> <!-- SearchPlusAdd -->
      </class> <!-- com.swiggy.SwiggyProject.SwiggyApp -->
    </test> <!-- Default test -->
  </suite> <!-- Default suite -->
</testng-results>
